\BOOKMARK [0][-]{chapter.1}{Introduction}{}% 1
\BOOKMARK [1][-]{section.1.1}{Image}{chapter.1}% 2
\BOOKMARK [2][-]{subsection.1.1.1}{Analog\040Image}{section.1.1}% 3
\BOOKMARK [2][-]{subsection.1.1.2}{Digital\040Image}{section.1.1}% 4
\BOOKMARK [1][-]{section.1.2}{Digital\040Image\040Processing}{chapter.1}% 5
\BOOKMARK [1][-]{section.1.3}{Digital\040Image\040Representation}{chapter.1}% 6
\BOOKMARK [2][-]{subsection.1.3.1}{Neighbours\040of\040a\040Pixel}{section.1.3}% 7
\BOOKMARK [1][-]{section.1.4}{Classification\040of\040Digital\040Images}{chapter.1}% 8
\BOOKMARK [2][-]{subsection.1.4.1}{Raster\040Image\040or\040Bitmap\040Image}{section.1.4}% 9
\BOOKMARK [2][-]{subsection.1.4.2}{Vector\040Image}{section.1.4}% 10
\BOOKMARK [1][-]{section.1.5}{Image\040Types}{chapter.1}% 11
\BOOKMARK [2][-]{subsection.1.5.1}{Binary\040Image}{section.1.5}% 12
\BOOKMARK [2][-]{subsection.1.5.2}{Grayscale\040Image}{section.1.5}% 13
\BOOKMARK [2][-]{subsection.1.5.3}{Color\040Image}{section.1.5}% 14
\BOOKMARK [2][-]{subsection.1.5.4}{Volume\040Image}{section.1.5}% 15
\BOOKMARK [2][-]{subsection.1.5.5}{Range\040Image}{section.1.5}% 16
\BOOKMARK [1][-]{section.1.6}{Image\040File\040Formats}{chapter.1}% 17
\BOOKMARK [2][-]{subsection.1.6.1}{File\040Header}{section.1.6}% 18
\BOOKMARK [1][-]{section.1.7}{Applications\040of\040Digital\040Image\040Processing:}{chapter.1}% 19
\BOOKMARK [0][-]{chapter.2}{Operations\040on\040Images}{}% 20
\BOOKMARK [1][-]{section.2.1}{Pixel\040Connectivity}{chapter.2}% 21
\BOOKMARK [1][-]{section.2.2}{Distance\040Measures}{chapter.2}% 22
\BOOKMARK [0][-]{chapter.3}{Image\040Operations}{}% 23
\BOOKMARK [1][-]{section.3.1}{Arithmetic\040Operations}{chapter.3}% 24
\BOOKMARK [2][-]{subsection.3.1.1}{Image\040Addition}{section.3.1}% 25
\BOOKMARK [2][-]{subsection.3.1.2}{Image\040Subtraction}{section.3.1}% 26
\BOOKMARK [2][-]{subsection.3.1.3}{Image\040Multiplication}{section.3.1}% 27
\BOOKMARK [2][-]{subsection.3.1.4}{Image\040Division}{section.3.1}% 28
\BOOKMARK [1][-]{section.3.2}{Geometric\040Operations}{chapter.3}% 29
\BOOKMARK [2][-]{subsection.3.2.1}{Translation\040Operation}{section.3.2}% 30
\BOOKMARK [2][-]{subsection.3.2.2}{Scaling\040Operation}{section.3.2}% 31
\BOOKMARK [2][-]{subsection.3.2.3}{Zooming\040Operation}{section.3.2}% 32
\BOOKMARK [2][-]{subsection.3.2.4}{Linear\040Interpolation\040Operation}{section.3.2}% 33
\BOOKMARK [2][-]{subsection.3.2.5}{Mirror\040or\040Reflection\040Operation}{section.3.2}% 34
\BOOKMARK [0][-]{chapter.4}{Image\040Enhancement}{}% 35
\BOOKMARK [1][-]{section.4.1}{Histogram\040Manipulation}{chapter.4}% 36
\BOOKMARK [2][-]{subsection.4.1.1}{Histogram}{section.4.1}% 37
\BOOKMARK [2][-]{subsection.4.1.2}{Histogram\040Equalisation}{section.4.1}% 38
\BOOKMARK [1][-]{section.4.2}{Bit-Plane\040Slicing}{chapter.4}% 39
\BOOKMARK [2][-]{subsection.4.2.1}{Bit-Plane\040Transformations}{section.4.2}% 40
